<?xml version="1.0" encoding="UTF-8"?>
<robot generator="Robot 3.1.2 (Python 3.6.9 on linux)" generated="20200513 11:41:46.972" rpa="false">
<suite id="s1" name="TC0" source="/home/andy/PycharmProjects/robot_example_2/test-cases/TC0/TC0.robot">
<test id="s1-t1" name="TC0">
<kw name="Create HTTP Context">
<arguments>
<arg>sut0:8080</arg>
</arguments>
<msg timestamp="20200513 11:41:46.996" level="FAIL">No keyword with name 'Create HTTP Context' found.</msg>
<status status="FAIL" starttime="20200513 11:41:46.996" endtime="20200513 11:41:46.996"></status>
</kw>
<doc>First test case using query string POST values</doc>
<status status="FAIL" starttime="20200513 11:41:46.995" endtime="20200513 11:41:46.996" critical="yes">No keyword with name 'Create HTTP Context' found.</status>
</test>
<status status="FAIL" starttime="20200513 11:41:46.973" endtime="20200513 11:41:46.996"></status>
</suite>
<statistics>
<total>
<stat pass="0" fail="1">Critical Tests</stat>
<stat pass="0" fail="1">All Tests</stat>
</total>
<tag>
</tag>
<suite>
<stat pass="0" fail="1" id="s1" name="TC0">TC0</stat>
</suite>
</statistics>
<errors>
<msg timestamp="20200513 11:41:46.994" level="ERROR">Error in file '/home/andy/PycharmProjects/robot_example_2/test-cases/TC0/TC0.robot': Importing test library 'HttpLibrary.HTTP' failed: SyntaxError: invalid syntax (__init__.py, line 16)
Traceback (most recent call last):
  None
PYTHONPATH:
  /home/andy/.local/bin
  /usr/lib/python36.zip
  /usr/lib/python3.6
  /usr/lib/python3.6/lib-dynload
  /home/andy/.local/lib/python3.6/site-packages
  /usr/local/lib/python3.6/dist-packages
  /usr/lib/python3/dist-packages</msg>
</errors>
</robot>
